#
# A fatal error has been detected by the Java Runtime Environment:
#
#  EXCEPTION_ACCESS_VIOLATION (0xc0000005) at pc=0x000000006e069f79, pid=3572, tid=10464
#
# JRE version: Java(TM) SE Runtime Environment (7.0_80-b15) (build 1.7.0_80-b15)
# Java VM: Java HotSpot(TM) 64-Bit Server VM (24.80-b11 mixed mode windows-amd64 compressed oops)
# Problematic frame:
# V  [jvm.dll+0x199f79]
#
# Failed to write core dump. Minidumps are not enabled by default on client versions of Windows
#
# If you would like to submit a bug report, please visit:
#   http://bugreport.java.com/bugreport/crash.jsp
#

---------------  T H R E A D  ---------------

Current thread (0x000000000d649000):  JavaThread "JDWP Transport Listener: dt_socket" daemon [_thread_in_vm, id=10464, stack(0x000000000eb80000,0x000000000ec80000)]

siginfo: ExceptionCode=0xc0000005, reading address 0x0000000000000000

Registers:
RAX=0x0000000000000000, RBX=0x000000000d634378, RCX=0x0000000000000000, RDX=0x0000000000000000
RSP=0x000000000ec7ef40, RBP=0x000000000ec7efa9, RSI=0x0000000000000000, RDI=0x000000000d634380
R8 =0x0000000780f5d178, R9 =0x000000006e6b0000, R10=0x0000000000000000, R11=0x0000000000000000
R12=0x000000000d649000, R13=0x000000000ec7f420, R14=0x000000000d649000, R15=0x000000000ec7f420
RIP=0x000000006e069f79, EFLAGS=0x0000000000010246

Top of Stack: (sp=0x000000000ec7ef40)
0x000000000ec7ef40:   000000000d634378 000000000ec7efa9
0x000000000ec7ef50:   0000000000000000 0000000000000000
0x000000000ec7ef60:   ffffffffffff0101 000000000d634340
0x000000000ec7ef70:   0000000000000000 0000000010d42210
0x000000000ec7ef80:   00000007813fa780 000000006df7715d
0x000000000ec7ef90:   000000000d634278 000000000d6342f0
0x000000000ec7efa0:   000000000d6342f0 0000000000000041
0x000000000ec7efb0:   000000000d63e880 000000000d6347b0
0x000000000ec7efc0:   000000000ec7f0b0 000000000ec7f420
0x000000000ec7efd0:   000000000ec7f420 000000000d649000
0x000000000ec7efe0:   000000000d63e880 000000000d6347b0
0x000000000ec7eff0:   0000000000000000 000000000d647bc0
0x000000000ec7f000:   000000000ec7f0b9 000000006e06a905
0x000000000ec7f010:   0000000000000310 0000000000000000
0x000000000ec7f020:   000000000d634340 000000000d649000
0x000000000ec7f030:   0000000000000000 0000000000000000 

Instructions: (pc=0x000000006e069f79)
0x000000006e069f59:   85 c0 75 05 48 8b c6 eb 10 49 8b 8c 24 20 01 00
0x000000006e069f69:   00 48 8b d0 e8 ee ad e6 ff 48 89 45 c7 4c 8b 03
0x000000006e069f79:   48 8b 08 41 8b 50 3c 85 d2 75 09 41 8b 40 34 89
0x000000006e069f89:   41 3c eb 03 89 51 3c 4d 8b a4 24 18 01 00 00 33 


Register to memory mapping:

RAX=0x0000000000000000 is an unknown value
RBX=0x000000000d634378 is an unknown value
RCX=0x0000000000000000 is an unknown value
RDX=0x0000000000000000 is an unknown value
RSP=0x000000000ec7ef40 is pointing into the stack for thread: 0x000000000d649000
RBP=0x000000000ec7efa9 is pointing into the stack for thread: 0x000000000d649000
RSI=0x0000000000000000 is an unknown value
RDI=0x000000000d634380 is an unknown value
R8 =0x0000000780f5d178 is an oop

[error occurred during error reporting (printing register info), id 0xe0000000]

Stack: [0x000000000eb80000,0x000000000ec80000],  sp=0x000000000ec7ef40,  free space=1019k
Native frames: (J=compiled Java code, j=interpreted, Vv=VM code, C=native code)
V  [jvm.dll+0x199f79]


---------------  P R O C E S S  ---------------

Java Threads: ( => current thread )
  0x0000000010656000 JavaThread "File Watcher" daemon [_thread_blocked, id=6716, stack(0x000000002b020000,0x000000002b120000)]
  0x0000000010651000 JavaThread "File Watcher" daemon [_thread_blocked, id=9512, stack(0x000000002a820000,0x000000002a920000)]
  0x0000000010657800 JavaThread "File Watcher" daemon [_thread_blocked, id=8216, stack(0x000000002a020000,0x000000002a120000)]
  0x0000000010650000 JavaThread "File Watcher" daemon [_thread_blocked, id=10416, stack(0x0000000029e20000,0x0000000029f20000)]
  0x000000001065a000 JavaThread "Thread-81" [_thread_blocked, id=8956, stack(0x0000000029320000,0x0000000029420000)]
  0x0000000010654000 JavaThread "DestroyJavaVM" [_thread_blocked, id=8332, stack(0x00000000051b0000,0x00000000052b0000)]
  0x000000000fcf2000 JavaThread "Live Reload Server" daemon [_thread_in_native, id=6548, stack(0x0000000015420000,0x0000000015520000)]
  0x00000000110c2800 JavaThread "Abandoned connection cleanup thread" daemon [_thread_blocked, id=2136, stack(0x0000000014f20000,0x0000000015020000)]
  0x000000000d66e000 JavaThread "Service Thread" daemon [_thread_blocked, id=8684, stack(0x000000000f080000,0x000000000f180000)]
  0x000000000d665000 JavaThread "C2 CompilerThread1" daemon [_thread_blocked, id=8688, stack(0x000000000ef80000,0x000000000f080000)]
  0x000000000d65f800 JavaThread "C2 CompilerThread0" daemon [_thread_blocked, id=2664, stack(0x000000000ee80000,0x000000000ef80000)]
  0x000000000d64f000 JavaThread "JDWP Command Reader" daemon [_thread_in_native, id=2780, stack(0x000000000ed80000,0x000000000ee80000)]
  0x000000000d64c000 JavaThread "JDWP Event Helper Thread" daemon [_thread_blocked, id=944, stack(0x000000000ec80000,0x000000000ed80000)]
=>0x000000000d649000 JavaThread "JDWP Transport Listener: dt_socket" daemon [_thread_in_vm, id=10464, stack(0x000000000eb80000,0x000000000ec80000)]
  0x000000000d635800 JavaThread "Attach Listener" daemon [_thread_blocked, id=4368, stack(0x000000000ea80000,0x000000000eb80000)]
  0x000000000d633000 JavaThread "Signal Dispatcher" daemon [_thread_blocked, id=868, stack(0x000000000e980000,0x000000000ea80000)]
  0x000000000539e000 JavaThread "Finalizer" daemon [_thread_blocked, id=7892, stack(0x000000000e880000,0x000000000e980000)]
  0x0000000005394800 JavaThread "Reference Handler" daemon [_thread_blocked, id=876, stack(0x000000000e780000,0x000000000e880000)]

Other Threads:
  0x000000000d5f3800 VMThread [stack: 0x000000000e680000,0x000000000e780000] [id=7888]
  0x000000000f1b0800 WatcherThread [stack: 0x000000000f580000,0x000000000f680000] [id=4500]

VM state:not at safepoint (normal execution)

VM Mutex/Monitor currently owned by a thread: None

Heap
 PSYoungGen      total 178176K, used 1480K [0x00000007d5c00000, 0x00000007e1200000, 0x0000000800000000)
  eden space 171008K, 0% used [0x00000007d5c00000,0x00000007d5d721e0,0x00000007e0300000)
  from space 7168K, 0% used [0x00000007e0300000,0x00000007e0300000,0x00000007e0a00000)
  to   space 7168K, 0% used [0x00000007e0b00000,0x00000007e0b00000,0x00000007e1200000)
 ParOldGen       total 1384448K, used 32743K [0x0000000781400000, 0x00000007d5c00000, 0x00000007d5c00000)
  object space 1384448K, 2% used [0x0000000781400000,0x00000007833f9d58,0x00000007d5c00000)
 PSPermGen       total 83968K, used 83967K [0x000000077c200000, 0x0000000781400000, 0x0000000781400000)
  object space 83968K, 99% used [0x000000077c200000,0x00000007813ffc18,0x0000000781400000)

Card table byte_map: [0x00000000083b0000,0x00000000087d0000] byte_map_base: 0x00000000047cf000

Polling page: 0x0000000004a90000

Code Cache  [0x00000000053b0000, 0x0000000005f50000, 0x00000000083b0000)
 total_blobs=3137 nmethods=2662 adapters=433 free_code_cache=37422Kb largest_free_block=38189312

Compilation events (10 events):
Event: 1867.823 Thread 0x000000000d665000 nmethod 3061 0x0000000005f23c90 code [0x0000000005f23e00, 0x0000000005f23ff8]
Event: 1867.824 Thread 0x000000000d665000 3062             org.hibernate.annotations.common.reflection.java.generics.TypeUtils::isSimple (18 bytes)
Event: 1868.136 Thread 0x000000000d665000 nmethod 3062 0x0000000005f254d0 code [0x0000000005f25640, 0x0000000005f25878]
Event: 1868.136 Thread 0x000000000d665000 3063             org.hibernate.annotations.common.reflection.java.JavaXType::<init> (41 bytes)
Event: 1868.141 Thread 0x000000000d665000 nmethod 3063 0x0000000005f24990 code [0x0000000005f24b20, 0x0000000005f24fa8]
Event: 1868.142 Thread 0x000000000d665000 3064             java.lang.Class::privateGetPublicMethods (247 bytes)
Event: 1868.265 Thread 0x000000000d65f800 nmethod 3057 0x0000000005f2ccd0 code [0x0000000005f2d320, 0x0000000005f32a00]
Event: 1868.279 Thread 0x000000000d665000 nmethod 3064 0x0000000005f39390 code [0x0000000005f39880, 0x0000000005f3eef8]
Event: 1869.150 Thread 0x000000000d65f800 3065             sun.misc.URLClassPath$2::next (59 bytes)
Event: 1869.153 Thread 0x000000000d65f800 nmethod 3065 0x0000000005f21d50 code [0x0000000005f21ec0, 0x0000000005f220e8]

GC Heap History (10 events):
Event: 1920.132 GC heap before
{Heap before GC invocations=146 (full 55):
 PSYoungGen      total 178176K, used 0K [0x00000007d5c00000, 0x00000007e1200000, 0x0000000800000000)
  eden space 169984K, 0% used [0x00000007d5c00000,0x00000007d5c00000,0x00000007e0200000)
  from space 8192K, 0% used [0x00000007e0200000,0x00000007e0200000,0x00000007e0a00000)
  to   space 7680K, 0% used [0x00000007e0a80000,0x00000007e0a80000,0x00000007e1200000)
 ParOldGen       total 1384448K, used 32885K [0x0000000781400000, 0x00000007d5c00000, 0x00000007d5c00000)
  object space 1384448K, 2% used [0x0000000781400000,0x000000078341d578,0x00000007d5c00000)
 PSPermGen       total 83968K, used 83967K [0x000000077c200000, 0x0000000781400000, 0x0000000781400000)
  object space 83968K, 99% used [0x000000077c200000,0x00000007813fff50,0x0000000781400000)
Event: 1920.284 GC heap after
Heap after GC invocations=146 (full 55):
 PSYoungGen      total 178176K, used 0K [0x00000007d5c00000, 0x00000007e1200000, 0x0000000800000000)
  eden space 169984K, 0% used [0x00000007d5c00000,0x00000007d5c00000,0x00000007e0200000)
  from space 8192K, 0% used [0x00000007e0200000,0x00000007e0200000,0x00000007e0a00000)
  to   space 7680K, 0% used [0x00000007e0a80000,0x00000007e0a80000,0x00000007e1200000)
 ParOldGen       total 1384448K, used 32844K [0x0000000781400000, 0x00000007d5c00000, 0x00000007d5c00000)
  object space 1384448K, 2% used [0x0000000781400000,0x00000007834133b8,0x00000007d5c00000)
 PSPermGen       total 83968K, used 83964K [0x000000077c200000, 0x0000000781400000, 0x0000000781400000)
  object space 83968K, 99% used [0x000000077c200000,0x00000007813ff370,0x0000000781400000)
}
Event: 1920.284 GC heap before
{Heap before GC invocations=147 (full 55):
 PSYoungGen      total 178176K, used 1232K [0x00000007d5c00000, 0x00000007e1200000, 0x0000000800000000)
  eden space 169984K, 0% used [0x00000007d5c00000,0x00000007d5d343c8,0x00000007e0200000)
  from space 8192K, 0% used [0x00000007e0200000,0x00000007e0200000,0x00000007e0a00000)
  to   space 7680K, 0% used [0x00000007e0a80000,0x00000007e0a80000,0x00000007e1200000)
 ParOldGen       total 1384448K, used 32844K [0x0000000781400000, 0x00000007d5c00000, 0x00000007d5c00000)
  object space 1384448K, 2% used [0x0000000781400000,0x00000007834133b8,0x00000007d5c00000)
 PSPermGen       total 83968K, used 83967K [0x000000077c200000, 0x0000000781400000, 0x0000000781400000)
  object space 83968K, 99% used [0x000000077c200000,0x00000007813ffc18,0x0000000781400000)
Event: 1920.287 GC heap after
Heap after GC invocations=147 (full 55):
 PSYoungGen      total 177664K, used 64K [0x00000007d5c00000, 0x00000007e1100000, 0x0000000800000000)
  eden space 171008K, 0% used [0x00000007d5c00000,0x00000007d5c00000,0x00000007e0300000)
  from space 6656K, 0% used [0x00000007e0a80000,0x00000007e0a90000,0x00000007e1100000)
  to   space 7168K, 0% used [0x00000007e0300000,0x00000007e0300000,0x00000007e0a00000)
 ParOldGen       total 1384448K, used 32844K [0x0000000781400000, 0x00000007d5c00000, 0x00000007d5c00000)
  object space 1384448K, 2% used [0x0000000781400000,0x00000007834133b8,0x00000007d5c00000)
 PSPermGen       total 83968K, used 83967K [0x000000077c200000, 0x0000000781400000, 0x0000000781400000)
  object space 83968K, 99% used [0x000000077c200000,0x00000007813ffc18,0x0000000781400000)
}
Event: 1920.287 GC heap before
{Heap before GC invocations=148 (full 56):
 PSYoungGen      total 177664K, used 64K [0x00000007d5c00000, 0x00000007e1100000, 0x0000000800000000)
  eden space 171008K, 0% used [0x00000007d5c00000,0x00000007d5c00000,0x00000007e0300000)
  from space 6656K, 0% used [0x00000007e0a80000,0x00000007e0a90000,0x00000007e1100000)
  to   space 7168K, 0% used [0x00000007e0300000,0x00000007e0300000,0x00000007e0a00000)
 ParOldGen       total 1384448K, used 32844K [0x0000000781400000, 0x00000007d5c00000, 0x00000007d5c00000)
  object space 1384448K, 2% used [0x0000000781400000,0x00000007834133b8,0x00000007d5c00000)
 PSPermGen       total 83968K, used 83967K [0x000000077c200000, 0x0000000781400000, 0x0000000781400000)
  object space 83968K, 99% used [0x000000077c200000,0x00000007813ffc18,0x0000000781400000)
Event: 1920.434 GC heap after
Heap after GC invocations=148 (full 56):
 PSYoungGen      total 177664K, used 0K [0x00000007d5c00000, 0x00000007e1100000, 0x0000000800000000)
  eden space 171008K, 0% used [0x00000007d5c00000,0x00000007d5c00000,0x00000007e0300000)
  from space 6656K, 0% used [0x00000007e0a80000,0x00000007e0a80000,0x00000007e1100000)
  to   space 7168K, 0% used [0x00000007e0300000,0x00000007e0300000,0x00000007e0a00000)
 ParOldGen       total 1384448K, used 32743K [0x0000000781400000, 0x00000007d5c00000, 0x00000007d5c00000)
  object space 1384448K, 2% used [0x0000000781400000,0x00000007833f9e38,0x00000007d5c00000)
 PSPermGen       total 83968K, used 83967K [0x000000077c200000, 0x0000000781400000, 0x0000000781400000)
  object space 83968K, 99% used [0x000000077c200000,0x00000007813ffc18,0x0000000781400000)
}
Event: 1920.434 GC heap before
{Heap before GC invocations=149 (full 56):
 PSYoungGen      total 177664K, used 0K [0x00000007d5c00000, 0x00000007e1100000, 0x0000000800000000)
  eden space 171008K, 0% used [0x00000007d5c00000,0x00000007d5c00000,0x00000007e0300000)
  from space 6656K, 0% used [0x00000007e0a80000,0x00000007e0a80000,0x00000007e1100000)
  to   space 7168K, 0% used [0x00000007e0300000,0x00000007e0300000,0x00000007e0a00000)
 ParOldGen       total 1384448K, used 32743K [0x0000000781400000, 0x00000007d5c00000, 0x00000007d5c00000)
  object space 1384448K, 2% used [0x0000000781400000,0x00000007833f9e38,0x00000007d5c00000)
 PSPermGen       total 83968K, used 83967K [0x000000077c200000, 0x0000000781400000, 0x0000000781400000)
  object space 83968K, 99% used [0x000000077c200000,0x00000007813ffc18,0x0000000781400000)
Event: 1920.436 GC heap after
Heap after GC invocations=149 (full 56):
 PSYoungGen      total 178176K, used 0K [0x00000007d5c00000, 0x00000007e1200000, 0x0000000800000000)
  eden space 171008K, 0% used [0x00000007d5c00000,0x00000007d5c00000,0x00000007e0300000)
  from space 7168K, 0% used [0x00000007e0300000,0x00000007e0300000,0x00000007e0a00000)
  to   space 7168K, 0% used [0x00000007e0b00000,0x00000007e0b00000,0x00000007e1200000)
 ParOldGen       total 1384448K, used 32743K [0x0000000781400000, 0x00000007d5c00000, 0x00000007d5c00000)
  object space 1384448K, 2% used [0x0000000781400000,0x00000007833f9e38,0x00000007d5c00000)
 PSPermGen       total 83968K, used 83967K [0x000000077c200000, 0x0000000781400000, 0x0000000781400000)
  object space 83968K, 99% used [0x000000077c200000,0x00000007813ffc18,0x0000000781400000)
}
Event: 1920.436 GC heap before
{Heap before GC invocations=150 (full 57):
 PSYoungGen      total 178176K, used 0K [0x00000007d5c00000, 0x00000007e1200000, 0x0000000800000000)
  eden space 171008K, 0% used [0x00000007d5c00000,0x00000007d5c00000,0x00000007e0300000)
  from space 7168K, 0% used [0x00000007e0300000,0x00000007e0300000,0x00000007e0a00000)
  to   space 7168K, 0% used [0x00000007e0b00000,0x00000007e0b00000,0x00000007e1200000)
 ParOldGen       total 1384448K, used 32743K [0x0000000781400000, 0x00000007d5c00000, 0x00000007d5c00000)
  object space 1384448K, 2% used [0x0000000781400000,0x00000007833f9e38,0x00000007d5c00000)
 PSPermGen       total 83968K, used 83967K [0x000000077c200000, 0x0000000781400000, 0x0000000781400000)
  object space 83968K, 99% used [0x000000077c200000,0x00000007813ffc18,0x0000000781400000)
Event: 1920.571 GC heap after
Heap after GC invocations=150 (full 57):
 PSYoungGen      total 178176K, used 0K [0x00000007d5c00000, 0x00000007e1200000, 0x0000000800000000)
  eden space 171008K, 0% used [0x00000007d5c00000,0x00000007d5c00000,0x00000007e0300000)
  from space 7168K, 0% used [0x00000007e0300000,0x00000007e0300000,0x00000007e0a00000)
  to   space 7168K, 0% used [0x00000007e0b00000,0x00000007e0b00000,0x00000007e1200000)
 ParOldGen       total 1384448K, used 32743K [0x0000000781400000, 0x00000007d5c00000, 0x00000007d5c00000)
  object space 1384448K, 2% used [0x0000000781400000,0x00000007833f9d58,0x00000007d5c00000)
 PSPermGen       total 83968K, used 83967K [0x000000077c200000, 0x0000000781400000, 0x0000000781400000)
  object space 83968K, 99% used [0x000000077c200000,0x00000007813ffc18,0x0000000781400000)
}

Deoptimization events (10 events):
Event: 1869.149 Thread 0x0000000010651800 Uncommon trap: reason=class_check action=maybe_recompile pc=0x0000000005abd034 method=java.util.Formatter.format(Ljava/util/Locale;Ljava/lang/String;[Ljava/lang/Object;)Ljava/util/Formatter; @ 76
Event: 1869.153 Thread 0x0000000010651800 Uncommon trap: reason=unhandled action=none pc=0x000000000548f92c method=java.net.URLClassLoader$1.run()Ljava/lang/Class; @ 72
Event: 1869.154 Thread 0x0000000010651800 Uncommon trap: reason=unhandled action=none pc=0x000000000548f92c method=java.net.URLClassLoader$1.run()Ljava/lang/Class; @ 72
Event: 1869.156 Thread 0x0000000010651800 Uncommon trap: reason=unhandled action=none pc=0x000000000548f92c method=java.net.URLClassLoader$1.run()Ljava/lang/Class; @ 72
Event: 1869.156 Thread 0x0000000010651800 Uncommon trap: reason=unhandled action=none pc=0x000000000548f92c method=java.net.URLClassLoader$1.run()Ljava/lang/Class; @ 72
Event: 1869.157 Thread 0x0000000010651800 Uncommon trap: reason=unhandled action=none pc=0x000000000548f92c method=java.net.URLClassLoader$1.run()Ljava/lang/Class; @ 72
Event: 1869.157 Thread 0x0000000010651800 Uncommon trap: reason=unhandled action=none pc=0x000000000548f92c method=java.net.URLClassLoader$1.run()Ljava/lang/Class; @ 72
Event: 1869.158 Thread 0x0000000010651800 Uncommon trap: reason=unstable_if action=reinterpret pc=0x0000000005e583b0 method=ch.qos.logback.core.pattern.FormattingConverter.write(Ljava/lang/StringBuilder;Ljava/lang/Object;)V @ 114
Event: 1869.165 Thread 0x0000000010651800 Uncommon trap: reason=unhandled action=none pc=0x000000000548f92c method=java.net.URLClassLoader$1.run()Ljava/lang/Class; @ 72
Event: 1869.166 Thread 0x0000000010651800 Uncommon trap: reason=unhandled action=none pc=0x000000000548f92c method=java.net.URLClassLoader$1.run()Ljava/lang/Class; @ 72

Internal exceptions (10 events):
Event: 1869.153 Thread 0x0000000010651800 Threw 0x00000007d5d9ecd8 at C:\re\jdk7u80\2329\hotspot\src\share\vm\prims\jvm.cpp:1319
Event: 1869.154 Thread 0x0000000010651800 Threw 0x00000007d5da70c8 at C:\re\jdk7u80\2329\hotspot\src\share\vm\prims\jvm.cpp:1319
Event: 1869.156 Thread 0x0000000010651800 Threw 0x00000007d5de16e8 at C:\re\jdk7u80\2329\hotspot\src\share\vm\prims\jvm.cpp:1319
Event: 1869.156 Thread 0x0000000010651800 Threw 0x00000007d5de5388 at C:\re\jdk7u80\2329\hotspot\src\share\vm\prims\jvm.cpp:1319
Event: 1869.157 Thread 0x0000000010651800 Threw 0x00000007d5dea1e8 at C:\re\jdk7u80\2329\hotspot\src\share\vm\prims\jvm.cpp:1319
Event: 1869.157 Thread 0x0000000010651800 Threw 0x00000007d5deb800 at C:\re\jdk7u80\2329\hotspot\src\share\vm\prims\jvm.cpp:1319
Event: 1869.165 Thread 0x0000000010651800 Threw 0x00000007d5e48530 at C:\re\jdk7u80\2329\hotspot\src\share\vm\prims\jvm.cpp:1319
Event: 1869.166 Thread 0x0000000010651800 Threw 0x00000007d5e56898 at C:\re\jdk7u80\2329\hotspot\src\share\vm\prims\jvm.cpp:1319
Event: 1869.167 Thread 0x0000000010651800 Threw 0x00000007d5e62840 at C:\re\jdk7u80\2329\hotspot\src\share\vm\runtime\reflection.cpp:1030
Event: 1920.571 Thread 0x000000000d649000 Threw 0x000000077c2ab5a8 at C:\re\jdk7u80\2329\hotspot\src\share\vm\gc_interface/collectedHeap.inline.hpp:225

Events (10 events):
Event: 1869.167 Thread 0x0000000010651800 DEOPT PACKING pc=0x00000000054b0a34 sp=0x000000002aa1f4e0
Event: 1869.167 Thread 0x0000000010651800 DEOPT UNPACKING pc=0x00000000053e92b9 sp=0x000000002aa1f200 mode 1
Event: 1869.167 Thread 0x0000000010651800 Thread exited: 0x0000000010651800
Event: 1869.182 Thread 0x0000000010656000 Thread added: 0x0000000010656000
Event: 1919.812 Executing VM operation: ParallelGCFailedPermanentAllocation
Event: 1919.971 Executing VM operation: ParallelGCFailedPermanentAllocation done
Event: 1919.971 Executing VM operation: ParallelGCFailedPermanentAllocation
Event: 1920.284 Executing VM operation: ParallelGCFailedPermanentAllocation done
Event: 1920.284 Executing VM operation: ParallelGCFailedPermanentAllocation
Event: 1920.571 Executing VM operation: ParallelGCFailedPermanentAllocation done


Dynamic libraries:
0x00007ff629930000 - 0x00007ff629963000 	C:\Java\jdk1.7.0_80\bin\javaw.exe
0x00007ffe1a060000 - 0x00007ffe1a240000 	C:\WINDOWS\SYSTEM32\ntdll.dll
0x00007ffe18430000 - 0x00007ffe184de000 	C:\WINDOWS\System32\KERNEL32.DLL
0x00007ffe16830000 - 0x00007ffe16a96000 	C:\WINDOWS\System32\KERNELBASE.dll
0x00007ffe189a0000 - 0x00007ffe18a41000 	C:\WINDOWS\System32\ADVAPI32.dll
0x00007ffe185f0000 - 0x00007ffe1868d000 	C:\WINDOWS\System32\msvcrt.dll
0x00007ffe183d0000 - 0x00007ffe1842b000 	C:\WINDOWS\System32\sechost.dll
0x00007ffe180a0000 - 0x00007ffe181bf000 	C:\WINDOWS\System32\RPCRT4.dll
0x00007ffe17a80000 - 0x00007ffe17c0f000 	C:\WINDOWS\System32\USER32.dll
0x00007ffe165e0000 - 0x00007ffe16600000 	C:\WINDOWS\System32\win32u.dll
0x00007ffe18070000 - 0x00007ffe18098000 	C:\WINDOWS\System32\GDI32.dll
0x00007ffe16b50000 - 0x00007ffe16ce3000 	C:\WINDOWS\System32\gdi32full.dll
0x00007ffe16d40000 - 0x00007ffe16ddb000 	C:\WINDOWS\System32\msvcp_win.dll
0x00007ffe164e0000 - 0x00007ffe165d6000 	C:\WINDOWS\System32\ucrtbase.dll
0x00007ffdfe150000 - 0x00007ffdfe3b9000 	C:\WINDOWS\WinSxS\amd64_microsoft.windows.common-controls_6595b64144ccf1df_6.0.16299.192_none_15c8cdae9364c23b\COMCTL32.dll
0x00007ffe18690000 - 0x00007ffe18998000 	C:\WINDOWS\System32\combase.dll
0x00007ffe16460000 - 0x00007ffe164d2000 	C:\WINDOWS\System32\bcryptPrimitives.dll
0x00007ffe183a0000 - 0x00007ffe183cd000 	C:\WINDOWS\System32\IMM32.DLL
0x000000006e6b0000 - 0x000000006e782000 	C:\Java\jdk1.7.0_80\jre\bin\msvcr100.dll
0x000000006ded0000 - 0x000000006e6a9000 	C:\Java\jdk1.7.0_80\jre\bin\server\jvm.dll
0x00007ffe17a70000 - 0x00007ffe17a78000 	C:\WINDOWS\System32\PSAPI.DLL
0x00007ffe139c0000 - 0x00007ffe139e3000 	C:\WINDOWS\SYSTEM32\WINMM.dll
0x00007ffe0b5d0000 - 0x00007ffe0b5d9000 	C:\WINDOWS\SYSTEM32\WSOCK32.dll
0x00007ffe17530000 - 0x00007ffe1759c000 	C:\WINDOWS\System32\WS2_32.dll
0x00007ffe13850000 - 0x00007ffe1387a000 	C:\WINDOWS\SYSTEM32\WINMMBASE.dll
0x00007ffe16cf0000 - 0x00007ffe16d3a000 	C:\WINDOWS\System32\cfgmgr32.dll
0x000000006dec0000 - 0x000000006decf000 	C:\Java\jdk1.7.0_80\jre\bin\verify.dll
0x000000006de90000 - 0x000000006deb8000 	C:\Java\jdk1.7.0_80\jre\bin\java.dll
0x000000006de50000 - 0x000000006de85000 	C:\Java\jdk1.7.0_80\jre\bin\jdwp.dll
0x000000006de40000 - 0x000000006de48000 	C:\Java\jdk1.7.0_80\jre\bin\npt.dll
0x000000006de20000 - 0x000000006de36000 	C:\Java\jdk1.7.0_80\jre\bin\zip.dll
0x000000006de10000 - 0x000000006de19000 	C:\Java\jdk1.7.0_80\jre\bin\dt_socket.dll
0x00007ffe07770000 - 0x00007ffe07786000 	C:\WINDOWS\system32\napinsp.dll
0x00007ffe033f0000 - 0x00007ffe0340a000 	C:\WINDOWS\system32\pnrpnsp.dll
0x00007ffe136e0000 - 0x00007ffe136f8000 	C:\WINDOWS\system32\NLAapi.dll
0x00007ffe15c40000 - 0x00007ffe15ca6000 	C:\WINDOWS\System32\mswsock.dll
0x00007ffe15a10000 - 0x00007ffe15ac6000 	C:\WINDOWS\SYSTEM32\DNSAPI.dll
0x00007ffe18390000 - 0x00007ffe18398000 	C:\WINDOWS\System32\NSI.dll
0x00007ffe159d0000 - 0x00007ffe15a09000 	C:\WINDOWS\SYSTEM32\IPHLPAPI.DLL
0x00007ffe03be0000 - 0x00007ffe03bee000 	C:\WINDOWS\System32\winrnr.dll
0x00007ffe10690000 - 0x00007ffe10700000 	C:\WINDOWS\System32\fwpuclnt.dll
0x00007ffe15f10000 - 0x00007ffe15f35000 	C:\WINDOWS\SYSTEM32\bcrypt.dll
0x00007ffe0f6a0000 - 0x00007ffe0f6aa000 	C:\Windows\System32\rasadhlp.dll
0x000000006ddf0000 - 0x000000006de0a000 	C:\Java\jdk1.7.0_80\jre\bin\net.dll
0x000000006ddd0000 - 0x000000006dde1000 	C:\Java\jdk1.7.0_80\jre\bin\nio.dll
0x000000006ddc0000 - 0x000000006ddcb000 	C:\Java\jdk1.7.0_80\jre\bin\management.dll
0x00007ffe15e00000 - 0x00007ffe15e17000 	C:\WINDOWS\SYSTEM32\CRYPTSP.dll
0x00007ffe15850000 - 0x00007ffe15883000 	C:\WINDOWS\system32\rsaenh.dll
0x00007ffe162e0000 - 0x00007ffe16309000 	C:\WINDOWS\SYSTEM32\USERENV.dll
0x00007ffe163b0000 - 0x00007ffe163cb000 	C:\WINDOWS\System32\profapi.dll
0x00007ffe15e20000 - 0x00007ffe15e2b000 	C:\WINDOWS\SYSTEM32\CRYPTBASE.dll
0x00007ffe11080000 - 0x00007ffe11096000 	C:\WINDOWS\SYSTEM32\dhcpcsvc6.DLL
0x00007ffe11060000 - 0x00007ffe1107a000 	C:\WINDOWS\SYSTEM32\dhcpcsvc.DLL
0x00007ffe0c930000 - 0x00007ffe0caf8000 	C:\WINDOWS\SYSTEM32\dbghelp.dll

VM Arguments:
jvm_args: -agentlib:jdwp=transport=dt_socket,suspend=y,address=localhost:1993 -Dfile.encoding=UTF-8 
java_command: com.johe.api.pump.ApiPumpApplication
Launcher Type: SUN_STANDARD

Environment Variables:
JAVA_HOME=C:\Java\jdk1.7.0_80
PATH=C:\Java\jdk1.7.0_80\jre\bin;C:\ProgramData\Oracle\Java\javapath;C:\WINDOWS\system32;C:\WINDOWS;C:\WINDOWS\System32\Wbem;C:\WINDOWS\System32\WindowsPowerShell\v1.0\;E:\sts_dev_env\apache-maven-3.3.9\bin;E:\instantclient_11_1_win64;E:\dev-tool\dubbo-eclipse\eclipse\eclipse\plugins\gradle-2.6\bin;C:\Program Files\TortoiseSVN\bin;E:\apache-ant-1.9.7\bin;C:\Program Files\MySQL\MySQL Server 5.6\bin;JAVA_HONME\bin;C:\Program Files\MySQL\MySQL Utilities 1.6\;C:\Program Files\VisualSVN Server\bin;C:\Program Files (x86)\Microsoft SQL Server\90\Tools\binn\;C:\sqlite;E:\PHPServer\Apache24\bin;E:\php-5.4.8;C:\Program Files (x86)\RabbitMQ Server\rabbitmq_server-3.3.4\sbin;E:\apache-ftpserver-1.1.0\bin;E:\ngrok-client;E:\php-5.4.8\ext;E:\dev-tool\curl_7_53_1_openssl_nghttp2_x64;C:\Users\jianggy\AppData\Local\Microsoft\WindowsApps;
USERNAME=jianggy
OS=Windows_NT
PROCESSOR_IDENTIFIER=Intel64 Family 6 Model 60 Stepping 3, GenuineIntel



---------------  S Y S T E M  ---------------

OS: Windows 8.1 , 64 bit Build 9600 

CPU:total 4 (2 cores per cpu, 2 threads per core) family 6 model 60 stepping 3, cmov, cx8, fxsr, mmx, sse, sse2, sse3, ssse3, sse4.1, sse4.2, popcnt, avx, avx2, aes, erms, ht, tsc, tscinvbit

Memory: 4k page, physical 8306604k(2899472k free), swap 13549484k(4356516k free)

vm_info: Java HotSpot(TM) 64-Bit Server VM (24.80-b11) for windows-amd64 JRE (1.7.0_80-b15), built on Apr 10 2015 11:26:34 by "java_re" with unknown MS VC++:1600

time: Tue Jan 30 16:27:16 2018
elapsed time: 1920 seconds

